10:20:35.303 [schedule-pool-2] INFO  sys-user - [run,109] - [127.0.0.1]内网IP[admin][Success][登录成功]
10:48:41.389 [Thread-30] INFO  sys-user - [shutdownSpringSessionValidationScheduler,45] - ====关闭会话验证任务====
10:48:41.392 [Thread-30] INFO  sys-user - [shutdownAsyncManager,62] - ====关闭后台任务任务线程池====
10:48:41.392 [Thread-30] INFO  sys-user - [shutdownEhCacheManager,75] - ====关闭缓存====
10:54:54.456 [restartedMain] INFO  sys-user - [shutdownAsyncManager,62] - ====关闭后台任务任务线程池====
10:54:54.456 [restartedMain] INFO  sys-user - [shutdownEhCacheManager,75] - ====关闭缓存====
10:56:51.133 [schedule-pool-2] INFO  sys-user - [run,109] - [127.0.0.1]内网IP[admin][Success][登录成功]
11:09:26.815 [schedule-pool-17] INFO  sys-user - [run,109] - [127.0.0.1]内网IP[admin][Logout][退出成功]
11:09:29.905 [schedule-pool-12] INFO  sys-user - [run,109] - [127.0.0.1]内网IP[admin][Success][登录成功]
13:50:05.714 [schedule-pool-27] INFO  sys-user - [run,109] - [127.0.0.1]内网IP[admin][Error][验证码错误]
13:50:30.251 [schedule-pool-13] INFO  sys-user - [run,109] - [127.0.0.1]内网IP[admin][Error][验证码错误]
13:50:34.014 [schedule-pool-11] INFO  sys-user - [run,109] - [127.0.0.1]内网IP[admin][Success][登录成功]
14:50:35.350 [Thread-24] INFO  sys-user - [shutdownSpringSessionValidationScheduler,45] - ====关闭会话验证任务====
14:50:35.358 [Thread-24] INFO  sys-user - [shutdownAsyncManager,62] - ====关闭后台任务任务线程池====
14:50:35.358 [Thread-24] INFO  sys-user - [shutdownEhCacheManager,75] - ====关闭缓存====
14:58:22.623 [Thread-24] INFO  sys-user - [shutdownSpringSessionValidationScheduler,45] - ====关闭会话验证任务====
14:58:22.624 [Thread-24] INFO  sys-user - [shutdownAsyncManager,62] - ====关闭后台任务任务线程池====
14:58:22.626 [Thread-24] INFO  sys-user - [shutdownEhCacheManager,75] - ====关闭缓存====
15:15:24.581 [Thread-25] INFO  sys-user - [shutdownSpringSessionValidationScheduler,45] - ====关闭会话验证任务====
15:15:24.582 [Thread-25] INFO  sys-user - [shutdownAsyncManager,62] - ====关闭后台任务任务线程池====
15:15:24.584 [Thread-25] INFO  sys-user - [shutdownEhCacheManager,75] - ====关闭缓存====
15:16:04.504 [Thread-24] INFO  sys-user - [shutdownSpringSessionValidationScheduler,45] - ====关闭会话验证任务====
15:16:04.505 [Thread-24] INFO  sys-user - [shutdownAsyncManager,62] - ====关闭后台任务任务线程池====
15:16:04.506 [Thread-24] INFO  sys-user - [shutdownEhCacheManager,75] - ====关闭缓存====
15:17:51.665 [Thread-24] INFO  sys-user - [shutdownSpringSessionValidationScheduler,45] - ====关闭会话验证任务====
15:17:51.666 [Thread-24] INFO  sys-user - [shutdownAsyncManager,62] - ====关闭后台任务任务线程池====
15:17:51.667 [Thread-24] INFO  sys-user - [shutdownEhCacheManager,75] - ====关闭缓存====
15:19:18.837 [Thread-24] INFO  sys-user - [shutdownSpringSessionValidationScheduler,45] - ====关闭会话验证任务====
15:19:18.838 [Thread-24] INFO  sys-user - [shutdownAsyncManager,62] - ====关闭后台任务任务线程池====
15:19:18.839 [Thread-24] INFO  sys-user - [shutdownEhCacheManager,75] - ====关闭缓存====
16:02:39.926 [Thread-24] INFO  sys-user - [shutdownSpringSessionValidationScheduler,45] - ====关闭会话验证任务====
16:02:39.928 [Thread-24] INFO  sys-user - [shutdownAsyncManager,62] - ====关闭后台任务任务线程池====
16:02:39.929 [Thread-24] INFO  sys-user - [shutdownEhCacheManager,75] - ====关闭缓存====
16:25:54.690 [Thread-25] INFO  sys-user - [shutdownAsyncManager,62] - ====关闭后台任务任务线程池====
16:25:54.694 [Thread-25] INFO  sys-user - [shutdownEhCacheManager,75] - ====关闭缓存====
16:43:41.654 [Thread-25] INFO  sys-user - [shutdownSpringSessionValidationScheduler,45] - ====关闭会话验证任务====
16:43:41.656 [Thread-25] INFO  sys-user - [shutdownAsyncManager,62] - ====关闭后台任务任务线程池====
16:43:41.658 [Thread-25] INFO  sys-user - [shutdownEhCacheManager,75] - ====关闭缓存====
16:46:17.271 [Thread-24] INFO  sys-user - [shutdownSpringSessionValidationScheduler,45] - ====关闭会话验证任务====
16:46:17.273 [Thread-24] INFO  sys-user - [shutdownAsyncManager,62] - ====关闭后台任务任务线程池====
16:46:17.275 [Thread-24] INFO  sys-user - [shutdownEhCacheManager,75] - ====关闭缓存====
16:47:18.759 [schedule-pool-2] INFO  sys-user - [run,109] - [127.0.0.1]内网IP[admin][Success][登录成功]
16:49:30.405 [Thread-26] INFO  sys-user - [shutdownSpringSessionValidationScheduler,45] - ====关闭会话验证任务====
16:49:30.407 [Thread-26] INFO  sys-user - [shutdownAsyncManager,62] - ====关闭后台任务任务线程池====
16:49:30.407 [Thread-26] INFO  sys-user - [shutdownEhCacheManager,75] - ====关闭缓存====
16:52:19.063 [Thread-25] INFO  sys-user - [shutdownSpringSessionValidationScheduler,45] - ====关闭会话验证任务====
16:52:19.066 [Thread-25] INFO  sys-user - [shutdownAsyncManager,62] - ====关闭后台任务任务线程池====
16:52:19.067 [Thread-25] INFO  sys-user - [shutdownEhCacheManager,75] - ====关闭缓存====
16:57:19.772 [Thread-26] INFO  sys-user - [shutdownSpringSessionValidationScheduler,45] - ====关闭会话验证任务====
16:57:19.773 [Thread-26] INFO  sys-user - [shutdownAsyncManager,62] - ====关闭后台任务任务线程池====
16:57:19.775 [Thread-26] INFO  sys-user - [shutdownEhCacheManager,75] - ====关闭缓存====
17:00:05.758 [Thread-25] INFO  sys-user - [shutdownSpringSessionValidationScheduler,45] - ====关闭会话验证任务====
17:00:05.760 [Thread-25] INFO  sys-user - [shutdownAsyncManager,62] - ====关闭后台任务任务线程池====
17:00:05.762 [Thread-25] INFO  sys-user - [shutdownEhCacheManager,75] - ====关闭缓存====
17:25:08.894 [Thread-26] INFO  sys-user - [shutdownSpringSessionValidationScheduler,45] - ====关闭会话验证任务====
17:25:08.897 [Thread-26] INFO  sys-user - [shutdownAsyncManager,62] - ====关闭后台任务任务线程池====
17:25:08.898 [Thread-26] INFO  sys-user - [shutdownEhCacheManager,75] - ====关闭缓存====
17:26:20.016 [Thread-24] INFO  sys-user - [shutdownSpringSessionValidationScheduler,45] - ====关闭会话验证任务====
17:26:20.017 [Thread-24] INFO  sys-user - [shutdownAsyncManager,62] - ====关闭后台任务任务线程池====
17:26:20.018 [Thread-24] INFO  sys-user - [shutdownEhCacheManager,75] - ====关闭缓存====
17:31:35.065 [Thread-25] INFO  sys-user - [shutdownSpringSessionValidationScheduler,45] - ====关闭会话验证任务====
17:31:35.066 [Thread-25] INFO  sys-user - [shutdownAsyncManager,62] - ====关闭后台任务任务线程池====
17:31:35.067 [Thread-25] INFO  sys-user - [shutdownEhCacheManager,75] - ====关闭缓存====
17:37:32.375 [Thread-26] INFO  sys-user - [shutdownSpringSessionValidationScheduler,45] - ====关闭会话验证任务====
17:37:32.376 [Thread-26] INFO  sys-user - [shutdownAsyncManager,62] - ====关闭后台任务任务线程池====
17:37:32.376 [Thread-26] INFO  sys-user - [shutdownEhCacheManager,75] - ====关闭缓存====
17:45:19.744 [Thread-24] INFO  sys-user - [shutdownSpringSessionValidationScheduler,45] - ====关闭会话验证任务====
17:45:19.745 [Thread-24] INFO  sys-user - [shutdownAsyncManager,62] - ====关闭后台任务任务线程池====
17:45:19.746 [Thread-24] INFO  sys-user - [shutdownEhCacheManager,75] - ====关闭缓存====
17:47:33.544 [Thread-25] INFO  sys-user - [shutdownSpringSessionValidationScheduler,45] - ====关闭会话验证任务====
17:47:33.544 [Thread-25] INFO  sys-user - [shutdownAsyncManager,62] - ====关闭后台任务任务线程池====
17:47:33.545 [Thread-25] INFO  sys-user - [shutdownEhCacheManager,75] - ====关闭缓存====
17:53:37.948 [Thread-25] INFO  sys-user - [shutdownSpringSessionValidationScheduler,45] - ====关闭会话验证任务====
17:53:37.949 [Thread-25] INFO  sys-user - [shutdownAsyncManager,62] - ====关闭后台任务任务线程池====
17:53:37.950 [Thread-25] INFO  sys-user - [shutdownEhCacheManager,75] - ====关闭缓存====
17:56:02.356 [Thread-26] INFO  sys-user - [shutdownSpringSessionValidationScheduler,45] - ====关闭会话验证任务====
17:56:02.357 [Thread-26] INFO  sys-user - [shutdownAsyncManager,62] - ====关闭后台任务任务线程池====
17:56:02.359 [Thread-26] INFO  sys-user - [shutdownEhCacheManager,75] - ====关闭缓存====
18:00:29.364 [Thread-26] INFO  sys-user - [shutdownAsyncManager,62] - ====关闭后台任务任务线程池====
18:00:29.366 [Thread-26] INFO  sys-user - [shutdownEhCacheManager,75] - ====关闭缓存====
18:02:43.980 [Thread-25] INFO  sys-user - [shutdownSpringSessionValidationScheduler,45] - ====关闭会话验证任务====
18:02:43.981 [Thread-25] INFO  sys-user - [shutdownAsyncManager,62] - ====关闭后台任务任务线程池====
18:02:43.982 [Thread-25] INFO  sys-user - [shutdownEhCacheManager,75] - ====关闭缓存====
18:05:57.573 [Thread-26] INFO  sys-user - [shutdownSpringSessionValidationScheduler,45] - ====关闭会话验证任务====
18:05:57.574 [Thread-26] INFO  sys-user - [shutdownAsyncManager,62] - ====关闭后台任务任务线程池====
18:05:57.575 [Thread-26] INFO  sys-user - [shutdownEhCacheManager,75] - ====关闭缓存====
18:38:28.647 [Thread-24] INFO  sys-user - [shutdownSpringSessionValidationScheduler,45] - ====关闭会话验证任务====
18:38:28.650 [Thread-24] INFO  sys-user - [shutdownAsyncManager,62] - ====关闭后台任务任务线程池====
18:38:28.651 [Thread-24] INFO  sys-user - [shutdownEhCacheManager,75] - ====关闭缓存====
18:44:17.666 [Thread-24] INFO  sys-user - [shutdownSpringSessionValidationScheduler,45] - ====关闭会话验证任务====
18:44:17.666 [Thread-24] INFO  sys-user - [shutdownAsyncManager,62] - ====关闭后台任务任务线程池====
18:44:17.667 [Thread-24] INFO  sys-user - [shutdownEhCacheManager,75] - ====关闭缓存====
19:09:21.485 [Thread-24] INFO  sys-user - [shutdownSpringSessionValidationScheduler,45] - ====关闭会话验证任务====
19:09:21.487 [Thread-24] INFO  sys-user - [shutdownAsyncManager,62] - ====关闭后台任务任务线程池====
19:09:21.488 [Thread-24] INFO  sys-user - [shutdownEhCacheManager,75] - ====关闭缓存====
20:12:31.644 [Thread-25] INFO  sys-user - [shutdownSpringSessionValidationScheduler,45] - ====关闭会话验证任务====
20:12:31.646 [Thread-25] INFO  sys-user - [shutdownAsyncManager,62] - ====关闭后台任务任务线程池====
20:12:31.646 [Thread-25] INFO  sys-user - [shutdownEhCacheManager,75] - ====关闭缓存====
20:34:38.242 [Thread-24] INFO  sys-user - [shutdownSpringSessionValidationScheduler,45] - ====关闭会话验证任务====
20:34:38.244 [Thread-24] INFO  sys-user - [shutdownAsyncManager,62] - ====关闭后台任务任务线程池====
20:34:38.246 [Thread-24] INFO  sys-user - [shutdownEhCacheManager,75] - ====关闭缓存====
20:36:00.153 [Thread-25] INFO  sys-user - [shutdownSpringSessionValidationScheduler,45] - ====关闭会话验证任务====
20:36:00.154 [Thread-25] INFO  sys-user - [shutdownAsyncManager,62] - ====关闭后台任务任务线程池====
20:36:00.155 [Thread-25] INFO  sys-user - [shutdownEhCacheManager,75] - ====关闭缓存====
20:41:34.317 [Thread-26] INFO  sys-user - [shutdownSpringSessionValidationScheduler,45] - ====关闭会话验证任务====
20:41:34.317 [Thread-26] INFO  sys-user - [shutdownAsyncManager,62] - ====关闭后台任务任务线程池====
20:41:34.318 [Thread-26] INFO  sys-user - [shutdownEhCacheManager,75] - ====关闭缓存====
