21:32:47.246 [restartedMain] INFO  c.r.RuoYiApplication - [logStarting,50] - Starting RuoYiApplication on duanshengshun-mac.local with PID 90889 (/Users/duanshengshun/IdeaProjects/RuoYi/ruoyi-admin/target/classes started by duanshengshun in /Users/duanshengshun/IdeaProjects/RuoYi)
21:32:47.253 [restartedMain] INFO  c.r.RuoYiApplication - [logStartupProfileInfo,679] - The following profiles are active: druid
21:32:49.720 [restartedMain] INFO  o.a.s.c.e.EhCacheManager - [getCache,158] - Cache with name 'com.ruoyi.framework.shiro.realm.UserRealm.authorizationCache' does not yet exist.  Creating now.
21:32:49.721 [restartedMain] INFO  o.a.s.c.e.EhCacheManager - [getCache,165] - Added EhCache named [com.ruoyi.framework.shiro.realm.UserRealm.authorizationCache]
21:32:50.561 [restartedMain] INFO  o.a.s.c.e.EhCacheManager - [getCache,169] - Using existing EHCache named [loginRecordCache]
21:32:50.844 [restartedMain] INFO  c.a.d.p.DruidDataSource - [init,991] - {dataSource-1} inited
21:32:50.987 [restartedMain] INFO  o.a.s.c.e.EhCacheManager - [getCache,169] - Using existing EHCache named [sys-config]
21:32:50.991 [restartedMain] INFO  o.a.s.c.e.EhCacheManager - [getCache,169] - Using existing EHCache named [sys-config]
21:32:50.992 [restartedMain] INFO  o.a.s.c.e.EhCacheManager - [getCache,169] - Using existing EHCache named [sys-config]
21:32:50.992 [restartedMain] INFO  o.a.s.c.e.EhCacheManager - [getCache,169] - Using existing EHCache named [sys-config]
21:32:51.285 [restartedMain] INFO  o.a.s.c.e.EhCacheManager - [getCache,169] - Using existing EHCache named [sys-userCache]
21:32:51.285 [restartedMain] INFO  o.a.s.c.e.EhCacheManager - [getCache,169] - Using existing EHCache named [sys-userCache]
21:32:51.798 [restartedMain] INFO  o.a.c.h.Http11NioProtocol - [log,173] - Initializing ProtocolHandler ["http-nio-80"]
21:32:51.809 [restartedMain] INFO  o.a.c.c.StandardService - [log,173] - Starting service [Tomcat]
21:32:51.810 [restartedMain] INFO  o.a.c.c.StandardEngine - [log,173] - Starting Servlet Engine: Apache Tomcat/9.0.13
21:32:51.819 [restartedMain] INFO  o.a.c.c.AprLifecycleListener - [log,173] - The APR based Apache Tomcat Native library which allows optimal performance in production environments was not found on the java.library.path: [/Users/duanshengshun/Library/Java/Extensions:/Library/Java/Extensions:/Network/Library/Java/Extensions:/System/Library/Java/Extensions:/usr/lib/java:.]
21:32:51.933 [restartedMain] INFO  o.a.c.c.C.[.[.[/] - [log,173] - Initializing Spring embedded WebApplicationContext
21:32:52.399 [restartedMain] INFO  o.a.s.c.e.EhCacheManager - [getCache,169] - Using existing EHCache named [sys-dict]
21:32:52.402 [restartedMain] INFO  o.a.s.c.e.EhCacheManager - [getCache,169] - Using existing EHCache named [sys-dict]
21:32:52.405 [restartedMain] INFO  o.a.s.c.e.EhCacheManager - [getCache,169] - Using existing EHCache named [sys-dict]
21:32:52.408 [restartedMain] INFO  o.a.s.c.e.EhCacheManager - [getCache,169] - Using existing EHCache named [sys-dict]
21:32:52.413 [restartedMain] INFO  o.a.s.c.e.EhCacheManager - [getCache,169] - Using existing EHCache named [sys-dict]
21:32:52.416 [restartedMain] INFO  o.a.s.c.e.EhCacheManager - [getCache,169] - Using existing EHCache named [sys-dict]
21:32:52.419 [restartedMain] INFO  o.a.s.c.e.EhCacheManager - [getCache,169] - Using existing EHCache named [sys-dict]
21:32:52.423 [restartedMain] INFO  o.a.s.c.e.EhCacheManager - [getCache,169] - Using existing EHCache named [sys-dict]
21:32:52.428 [restartedMain] INFO  o.a.s.c.e.EhCacheManager - [getCache,169] - Using existing EHCache named [sys-dict]
21:32:52.432 [restartedMain] INFO  o.a.s.c.e.EhCacheManager - [getCache,169] - Using existing EHCache named [sys-dict]
21:32:52.804 [restartedMain] INFO  o.q.i.StdSchedulerFactory - [instantiate,1208] - Using default implementation for ThreadExecutor
21:32:52.824 [restartedMain] INFO  o.q.c.SchedulerSignalerImpl - [<init>,61] - Initialized Scheduler Signaller of type: class org.quartz.core.SchedulerSignalerImpl
21:32:52.824 [restartedMain] INFO  o.q.c.QuartzScheduler - [<init>,229] - Quartz Scheduler v.2.3.0 created.
21:32:52.837 [restartedMain] INFO  o.q.c.QuartzScheduler - [initialize,294] - Scheduler meta-data: Quartz Scheduler (v2.3.0) 'RuoyiScheduler' with instanceId 'duanshengshun-mac.local1607175172807'
  Scheduler class: 'org.quartz.core.QuartzScheduler' - running locally.
  NOT STARTED.
  Currently in standby mode.
  Number of jobs executed: 0
  Using thread pool 'org.quartz.simpl.SimpleThreadPool' - with 20 threads.
  Using job-store 'org.springframework.scheduling.quartz.LocalDataSourceJobStore' - which supports persistence. and is clustered.

21:32:52.838 [restartedMain] INFO  o.q.i.StdSchedulerFactory - [instantiate,1362] - Quartz scheduler 'RuoyiScheduler' initialized from an externally provided properties instance.
21:32:52.838 [restartedMain] INFO  o.q.i.StdSchedulerFactory - [instantiate,1366] - Quartz scheduler version: 2.3.0
21:32:52.843 [restartedMain] INFO  o.q.c.QuartzScheduler - [setJobFactory,2287] - JobFactory set to: org.springframework.scheduling.quartz.AdaptableJobFactory@2236bc3f
21:32:53.873 [restartedMain] INFO  s.d.s.w.PropertySourcedRequestMappingHandlerMapping - [initHandlerMethods,69] - Mapped URL path [/v2/api-docs] onto method [public org.springframework.http.ResponseEntity<springfox.documentation.spring.web.json.Json> springfox.documentation.swagger2.web.Swagger2Controller.getDocumentation(java.lang.String,javax.servlet.http.HttpServletRequest)]
21:32:55.722 [restartedMain] INFO  s.d.s.w.p.DocumentationPluginsBootstrapper - [start,160] - Context refreshed
21:32:55.742 [restartedMain] INFO  s.d.s.w.p.DocumentationPluginsBootstrapper - [start,163] - Found 1 custom documentation plugin(s)
21:32:55.809 [restartedMain] INFO  s.d.s.w.s.ApiListingReferenceScanner - [scan,41] - Scanning for api listing references
21:32:56.152 [restartedMain] INFO  o.a.c.h.Http11NioProtocol - [log,173] - Starting ProtocolHandler ["http-nio-80"]
21:32:56.193 [restartedMain] INFO  o.a.t.u.n.NioSelectorPool - [log,173] - Using a shared selector for servlet write/read
21:32:56.238 [restartedMain] INFO  c.r.RuoYiApplication - [logStarted,59] - Started RuoYiApplication in 9.387 seconds (JVM running for 10.685)
21:32:57.158 [Quartz Scheduler [RuoyiScheduler]] INFO  o.q.c.QuartzScheduler - [start,547] - Scheduler RuoyiScheduler_$_duanshengshun-mac.local1607175172807 started.
21:33:09.800 [http-nio-80-exec-2] INFO  o.a.c.c.C.[.[.[/] - [log,173] - Initializing Spring DispatcherServlet 'dispatcherServlet'
21:33:09.833 [http-nio-80-exec-1] INFO  o.a.s.s.m.AbstractValidatingSessionManager - [enableSessionValidation,233] - Enabling session validation scheduler...
21:33:09.845 [http-nio-80-exec-1] INFO  o.a.s.c.e.EhCacheManager - [getCache,169] - Using existing EHCache named [shiro-activeSessionCache]
21:33:09.845 [http-nio-80-exec-2] INFO  o.a.s.c.e.EhCacheManager - [getCache,169] - Using existing EHCache named [shiro-activeSessionCache]
21:33:10.284 [http-nio-80-exec-3] INFO  o.a.s.c.e.EhCacheManager - [getCache,169] - Using existing EHCache named [sys-config]
21:33:10.363 [http-nio-80-exec-7] INFO  o.a.s.c.e.EhCacheManager - [getCache,169] - Using existing EHCache named [sys-config]
21:33:10.838 [schedule-pool-1] INFO  c.r.f.s.w.s.OnlineWebSessionManager - [validateSessions,100] - invalidation sessions...
21:33:10.847 [schedule-pool-1] INFO  c.r.f.s.w.s.OnlineWebSessionManager - [validateSessions,159] - Finished invalidation session. No sessions were stopped.
21:34:41.283 [http-nio-80-exec-8] INFO  o.a.s.c.e.EhCacheManager - [getCache,169] - Using existing EHCache named [sys-config]
21:34:45.534 [schedule-pool-2] INFO  sys-user - [run,109] - [127.0.0.1]内网IP[admin][Success][登录成功]
21:34:45.640 [http-nio-80-exec-12] INFO  o.a.s.c.e.EhCacheManager - [getCache,169] - Using existing EHCache named [sys-config]
21:34:45.640 [http-nio-80-exec-12] INFO  o.a.s.c.e.EhCacheManager - [getCache,169] - Using existing EHCache named [sys-config]
21:34:54.171 [http-nio-80-exec-20] INFO  o.a.s.c.e.EhCacheManager - [getCache,169] - Using existing EHCache named [sys-config]
21:34:54.172 [http-nio-80-exec-20] INFO  o.a.s.c.e.EhCacheManager - [getCache,169] - Using existing EHCache named [sys-config]
21:38:43.010 [Thread-30] INFO  o.q.c.QuartzScheduler - [standby,585] - Scheduler RuoyiScheduler_$_duanshengshun-mac.local1607175172807 paused.
21:38:43.016 [Thread-30] INFO  o.q.c.QuartzScheduler - [shutdown,666] - Scheduler RuoyiScheduler_$_duanshengshun-mac.local1607175172807 shutting down.
21:38:43.016 [Thread-30] INFO  o.q.c.QuartzScheduler - [standby,585] - Scheduler RuoyiScheduler_$_duanshengshun-mac.local1607175172807 paused.
21:38:43.018 [Thread-30] INFO  o.q.c.QuartzScheduler - [shutdown,740] - Scheduler RuoyiScheduler_$_duanshengshun-mac.local1607175172807 shutdown complete.
21:38:43.019 [Thread-30] INFO  sys-user - [shutdownSpringSessionValidationScheduler,45] - ====关闭会话验证任务====
21:38:43.021 [Thread-30] INFO  sys-user - [shutdownAsyncManager,62] - ====关闭后台任务任务线程池====
21:38:43.022 [Thread-30] INFO  sys-user - [shutdownEhCacheManager,75] - ====关闭缓存====
21:38:43.040 [Thread-30] INFO  c.a.d.p.DruidDataSource - [close,1928] - {dataSource-1} closed
