12:17:32.801 [schedule-pool-2] INFO  sys-user - [run,109] - [127.0.0.1]内网IP[admin][Success][登录成功]
12:20:53.720 [Thread-26] INFO  sys-user - [shutdownSpringSessionValidationScheduler,45] - ====关闭会话验证任务====
12:20:53.722 [Thread-26] INFO  sys-user - [shutdownAsyncManager,62] - ====关闭后台任务任务线程池====
12:20:53.722 [Thread-26] INFO  sys-user - [shutdownEhCacheManager,75] - ====关闭缓存====
12:22:30.697 [Thread-25] INFO  sys-user - [shutdownSpringSessionValidationScheduler,45] - ====关闭会话验证任务====
12:22:30.698 [Thread-25] INFO  sys-user - [shutdownAsyncManager,62] - ====关闭后台任务任务线程池====
12:22:30.698 [Thread-25] INFO  sys-user - [shutdownEhCacheManager,75] - ====关闭缓存====
12:23:18.287 [Thread-25] INFO  sys-user - [shutdownSpringSessionValidationScheduler,45] - ====关闭会话验证任务====
12:23:18.288 [Thread-25] INFO  sys-user - [shutdownAsyncManager,62] - ====关闭后台任务任务线程池====
12:23:18.288 [Thread-25] INFO  sys-user - [shutdownEhCacheManager,75] - ====关闭缓存====
12:24:31.700 [Thread-25] INFO  sys-user - [shutdownSpringSessionValidationScheduler,45] - ====关闭会话验证任务====
12:24:31.701 [Thread-25] INFO  sys-user - [shutdownAsyncManager,62] - ====关闭后台任务任务线程池====
12:24:31.702 [Thread-25] INFO  sys-user - [shutdownEhCacheManager,75] - ====关闭缓存====
12:27:58.754 [Thread-25] INFO  sys-user - [shutdownSpringSessionValidationScheduler,45] - ====关闭会话验证任务====
12:27:58.755 [Thread-25] INFO  sys-user - [shutdownAsyncManager,62] - ====关闭后台任务任务线程池====
12:27:58.756 [Thread-25] INFO  sys-user - [shutdownEhCacheManager,75] - ====关闭缓存====
12:30:03.784 [Thread-24] INFO  sys-user - [shutdownSpringSessionValidationScheduler,45] - ====关闭会话验证任务====
12:30:03.785 [Thread-24] INFO  sys-user - [shutdownAsyncManager,62] - ====关闭后台任务任务线程池====
12:30:03.786 [Thread-24] INFO  sys-user - [shutdownEhCacheManager,75] - ====关闭缓存====
13:01:36.845 [schedule-pool-4] INFO  sys-user - [run,109] - [127.0.0.1]内网IP[admin][Error][验证码错误]
13:01:41.993 [schedule-pool-5] INFO  sys-user - [run,109] - [127.0.0.1]内网IP[admin][Error][验证码错误]
13:01:45.501 [schedule-pool-3] INFO  sys-user - [run,109] - [127.0.0.1]内网IP[admin][Success][登录成功]
13:18:02.292 [Thread-24] INFO  sys-user - [shutdownSpringSessionValidationScheduler,45] - ====关闭会话验证任务====
13:18:02.294 [Thread-24] INFO  sys-user - [shutdownAsyncManager,62] - ====关闭后台任务任务线程池====
13:18:02.295 [Thread-24] INFO  sys-user - [shutdownEhCacheManager,75] - ====关闭缓存====
13:30:32.186 [Thread-25] INFO  sys-user - [shutdownSpringSessionValidationScheduler,45] - ====关闭会话验证任务====
13:30:32.189 [Thread-25] INFO  sys-user - [shutdownAsyncManager,62] - ====关闭后台任务任务线程池====
13:30:32.189 [Thread-25] INFO  sys-user - [shutdownEhCacheManager,75] - ====关闭缓存====
13:32:41.097 [Thread-26] INFO  sys-user - [shutdownAsyncManager,62] - ====关闭后台任务任务线程池====
13:32:41.099 [Thread-26] INFO  sys-user - [shutdownEhCacheManager,75] - ====关闭缓存====
14:28:06.247 [schedule-pool-2] INFO  sys-user - [run,109] - [127.0.0.1]内网IP[admin][Error][验证码错误]
14:28:10.004 [schedule-pool-3] INFO  sys-user - [run,109] - [127.0.0.1]内网IP[admin][Success][登录成功]
14:32:52.381 [Thread-25] INFO  sys-user - [shutdownSpringSessionValidationScheduler,45] - ====关闭会话验证任务====
14:32:52.383 [Thread-25] INFO  sys-user - [shutdownAsyncManager,62] - ====关闭后台任务任务线程池====
14:32:52.383 [Thread-25] INFO  sys-user - [shutdownEhCacheManager,75] - ====关闭缓存====
14:37:04.536 [Thread-25] INFO  sys-user - [shutdownSpringSessionValidationScheduler,45] - ====关闭会话验证任务====
14:37:04.537 [Thread-25] INFO  sys-user - [shutdownAsyncManager,62] - ====关闭后台任务任务线程池====
14:37:04.538 [Thread-25] INFO  sys-user - [shutdownEhCacheManager,75] - ====关闭缓存====
14:44:07.100 [Thread-25] INFO  sys-user - [shutdownSpringSessionValidationScheduler,45] - ====关闭会话验证任务====
14:44:07.103 [Thread-25] INFO  sys-user - [shutdownAsyncManager,62] - ====关闭后台任务任务线程池====
14:44:07.103 [Thread-25] INFO  sys-user - [shutdownEhCacheManager,75] - ====关闭缓存====
14:45:56.674 [Thread-27] INFO  sys-user - [shutdownSpringSessionValidationScheduler,45] - ====关闭会话验证任务====
14:45:56.676 [Thread-27] INFO  sys-user - [shutdownAsyncManager,62] - ====关闭后台任务任务线程池====
14:45:56.676 [Thread-27] INFO  sys-user - [shutdownEhCacheManager,75] - ====关闭缓存====
14:48:23.305 [Thread-25] INFO  sys-user - [shutdownSpringSessionValidationScheduler,45] - ====关闭会话验证任务====
14:48:23.306 [Thread-25] INFO  sys-user - [shutdownAsyncManager,62] - ====关闭后台任务任务线程池====
14:48:23.306 [Thread-25] INFO  sys-user - [shutdownEhCacheManager,75] - ====关闭缓存====
14:50:49.215 [Thread-24] INFO  sys-user - [shutdownSpringSessionValidationScheduler,45] - ====关闭会话验证任务====
14:50:49.216 [Thread-24] INFO  sys-user - [shutdownAsyncManager,62] - ====关闭后台任务任务线程池====
14:50:49.216 [Thread-24] INFO  sys-user - [shutdownEhCacheManager,75] - ====关闭缓存====
14:53:03.802 [Thread-25] INFO  sys-user - [shutdownSpringSessionValidationScheduler,45] - ====关闭会话验证任务====
14:53:03.803 [Thread-25] INFO  sys-user - [shutdownAsyncManager,62] - ====关闭后台任务任务线程池====
14:53:03.804 [Thread-25] INFO  sys-user - [shutdownEhCacheManager,75] - ====关闭缓存====
14:55:06.715 [Thread-25] INFO  sys-user - [shutdownSpringSessionValidationScheduler,45] - ====关闭会话验证任务====
14:55:06.715 [Thread-25] INFO  sys-user - [shutdownAsyncManager,62] - ====关闭后台任务任务线程池====
14:55:06.715 [Thread-25] INFO  sys-user - [shutdownEhCacheManager,75] - ====关闭缓存====
15:06:38.152 [Thread-25] INFO  sys-user - [shutdownSpringSessionValidationScheduler,45] - ====关闭会话验证任务====
15:06:38.154 [Thread-25] INFO  sys-user - [shutdownAsyncManager,62] - ====关闭后台任务任务线程池====
15:06:38.154 [Thread-25] INFO  sys-user - [shutdownEhCacheManager,75] - ====关闭缓存====
15:08:52.650 [Thread-27] INFO  sys-user - [shutdownAsyncManager,62] - ====关闭后台任务任务线程池====
15:08:52.652 [Thread-27] INFO  sys-user - [shutdownEhCacheManager,75] - ====关闭缓存====
15:10:31.431 [Thread-25] INFO  sys-user - [shutdownSpringSessionValidationScheduler,45] - ====关闭会话验证任务====
15:10:31.433 [Thread-25] INFO  sys-user - [shutdownAsyncManager,62] - ====关闭后台任务任务线程池====
15:10:31.434 [Thread-25] INFO  sys-user - [shutdownEhCacheManager,75] - ====关闭缓存====
15:11:53.905 [Thread-26] INFO  sys-user - [shutdownSpringSessionValidationScheduler,45] - ====关闭会话验证任务====
15:11:53.907 [Thread-26] INFO  sys-user - [shutdownAsyncManager,62] - ====关闭后台任务任务线程池====
15:11:53.907 [Thread-26] INFO  sys-user - [shutdownEhCacheManager,75] - ====关闭缓存====
15:12:59.649 [Thread-24] INFO  sys-user - [shutdownSpringSessionValidationScheduler,45] - ====关闭会话验证任务====
15:12:59.650 [Thread-24] INFO  sys-user - [shutdownAsyncManager,62] - ====关闭后台任务任务线程池====
15:12:59.651 [Thread-24] INFO  sys-user - [shutdownEhCacheManager,75] - ====关闭缓存====
15:15:09.731 [Thread-25] INFO  sys-user - [shutdownSpringSessionValidationScheduler,45] - ====关闭会话验证任务====
15:15:09.732 [Thread-25] INFO  sys-user - [shutdownAsyncManager,62] - ====关闭后台任务任务线程池====
15:15:09.733 [Thread-25] INFO  sys-user - [shutdownEhCacheManager,75] - ====关闭缓存====
15:20:57.514 [Thread-24] INFO  sys-user - [shutdownSpringSessionValidationScheduler,45] - ====关闭会话验证任务====
15:20:57.515 [Thread-24] INFO  sys-user - [shutdownAsyncManager,62] - ====关闭后台任务任务线程池====
15:20:57.515 [Thread-24] INFO  sys-user - [shutdownEhCacheManager,75] - ====关闭缓存====
15:22:09.836 [Thread-24] INFO  sys-user - [shutdownSpringSessionValidationScheduler,45] - ====关闭会话验证任务====
15:22:09.838 [Thread-24] INFO  sys-user - [shutdownAsyncManager,62] - ====关闭后台任务任务线程池====
15:22:09.838 [Thread-24] INFO  sys-user - [shutdownEhCacheManager,75] - ====关闭缓存====
15:23:26.967 [Thread-24] INFO  sys-user - [shutdownSpringSessionValidationScheduler,45] - ====关闭会话验证任务====
15:23:26.967 [Thread-24] INFO  sys-user - [shutdownAsyncManager,62] - ====关闭后台任务任务线程池====
15:23:26.967 [Thread-24] INFO  sys-user - [shutdownEhCacheManager,75] - ====关闭缓存====
15:25:28.956 [Thread-24] INFO  sys-user - [shutdownSpringSessionValidationScheduler,45] - ====关闭会话验证任务====
15:25:28.957 [Thread-24] INFO  sys-user - [shutdownAsyncManager,62] - ====关闭后台任务任务线程池====
15:25:28.958 [Thread-24] INFO  sys-user - [shutdownEhCacheManager,75] - ====关闭缓存====
