11:40:06.474 [schedule-pool-2] INFO  sys-user - [run,109] - [127.0.0.1]内网IP[admin][Success][登录成功]
11:59:03.825 [Thread-27] INFO  sys-user - [shutdownSpringSessionValidationScheduler,45] - ====关闭会话验证任务====
11:59:03.829 [Thread-27] INFO  sys-user - [shutdownAsyncManager,62] - ====关闭后台任务任务线程池====
11:59:03.829 [Thread-27] INFO  sys-user - [shutdownEhCacheManager,75] - ====关闭缓存====
12:05:49.848 [Thread-25] INFO  sys-user - [shutdownSpringSessionValidationScheduler,45] - ====关闭会话验证任务====
12:05:49.851 [Thread-25] INFO  sys-user - [shutdownAsyncManager,62] - ====关闭后台任务任务线程池====
12:05:49.852 [Thread-25] INFO  sys-user - [shutdownEhCacheManager,75] - ====关闭缓存====
12:06:35.017 [Thread-26] INFO  sys-user - [shutdownSpringSessionValidationScheduler,45] - ====关闭会话验证任务====
12:06:35.018 [Thread-26] INFO  sys-user - [shutdownAsyncManager,62] - ====关闭后台任务任务线程池====
12:06:35.019 [Thread-26] INFO  sys-user - [shutdownEhCacheManager,75] - ====关闭缓存====
12:08:39.920 [Thread-25] INFO  sys-user - [shutdownSpringSessionValidationScheduler,45] - ====关闭会话验证任务====
12:08:39.922 [Thread-25] INFO  sys-user - [shutdownAsyncManager,62] - ====关闭后台任务任务线程池====
12:08:39.922 [Thread-25] INFO  sys-user - [shutdownEhCacheManager,75] - ====关闭缓存====
12:37:10.530 [Thread-28] INFO  sys-user - [shutdownSpringSessionValidationScheduler,45] - ====关闭会话验证任务====
12:37:10.533 [Thread-28] INFO  sys-user - [shutdownAsyncManager,62] - ====关闭后台任务任务线程池====
12:37:10.534 [Thread-28] INFO  sys-user - [shutdownEhCacheManager,75] - ====关闭缓存====
12:38:29.852 [schedule-pool-1] INFO  sys-user - [run,109] - [127.0.0.1]内网IP[admin][Success][登录成功]
12:39:30.659 [Thread-26] INFO  sys-user - [shutdownSpringSessionValidationScheduler,45] - ====关闭会话验证任务====
12:39:30.662 [Thread-26] INFO  sys-user - [shutdownAsyncManager,62] - ====关闭后台任务任务线程池====
12:39:30.662 [Thread-26] INFO  sys-user - [shutdownEhCacheManager,75] - ====关闭缓存====
12:41:16.722 [Thread-25] INFO  sys-user - [shutdownSpringSessionValidationScheduler,45] - ====关闭会话验证任务====
12:41:16.724 [Thread-25] INFO  sys-user - [shutdownAsyncManager,62] - ====关闭后台任务任务线程池====
12:41:16.725 [Thread-25] INFO  sys-user - [shutdownEhCacheManager,75] - ====关闭缓存====
13:37:47.590 [schedule-pool-3] INFO  sys-user - [run,109] - [127.0.0.1]内网IP[admin][Error][验证码错误]
13:37:50.222 [schedule-pool-4] INFO  sys-user - [run,109] - [127.0.0.1]内网IP[admin][Success][登录成功]
13:47:36.564 [schedule-pool-9] INFO  sys-user - [run,109] - [127.0.0.1]内网IP[admin][Success][登录成功]
13:54:43.185 [Thread-26] INFO  sys-user - [shutdownSpringSessionValidationScheduler,45] - ====关闭会话验证任务====
13:54:43.188 [Thread-26] INFO  sys-user - [shutdownAsyncManager,62] - ====关闭后台任务任务线程池====
13:54:43.188 [Thread-26] INFO  sys-user - [shutdownEhCacheManager,75] - ====关闭缓存====
13:58:21.074 [Thread-27] INFO  sys-user - [shutdownSpringSessionValidationScheduler,45] - ====关闭会话验证任务====
13:58:21.076 [Thread-27] INFO  sys-user - [shutdownAsyncManager,62] - ====关闭后台任务任务线程池====
13:58:21.077 [Thread-27] INFO  sys-user - [shutdownEhCacheManager,75] - ====关闭缓存====
14:06:40.450 [Thread-29] INFO  sys-user - [shutdownSpringSessionValidationScheduler,45] - ====关闭会话验证任务====
14:06:40.454 [Thread-29] INFO  sys-user - [shutdownAsyncManager,62] - ====关闭后台任务任务线程池====
14:06:40.454 [Thread-29] INFO  sys-user - [shutdownEhCacheManager,75] - ====关闭缓存====
